  Application.cpp
  Color.cpp
  glmath.cpp
d:\documents\github\racing_game\game\glmath.cpp(12): warning C4244: 'return': conversión de 'double' a 'float'; posible pérdida de datos
d:\documents\github\racing_game\game\glmath.cpp(27): warning C4244: 'argumento': conversión de 'double' a 'float'; posible pérdida de datos
d:\documents\github\racing_game\game\glmath.cpp(43): warning C4244: 'argumento': conversión de 'double' a 'float'; posible pérdida de datos
d:\documents\github\racing_game\game\glmath.cpp(53): warning C4244: 'inicializando': conversión de 'double' a 'float'; posible pérdida de datos
d:\documents\github\racing_game\game\glmath.cpp(72): warning C4244: 'return': conversión de 'double' a 'float'; posible pérdida de datos
d:\documents\github\racing_game\game\glmath.cpp(87): warning C4244: 'argumento': conversión de 'double' a 'float'; posible pérdida de datos
d:\documents\github\racing_game\game\glmath.cpp(103): warning C4244: 'argumento': conversión de 'double' a 'float'; posible pérdida de datos
d:\documents\github\racing_game\game\glmath.cpp(600): warning C4244: 'inicializando': conversión de 'double' a 'float'; posible pérdida de datos
d:\documents\github\racing_game\game\glmath.cpp(618): warning C4244: 'inicializando': conversión de 'double' a 'float'; posible pérdida de datos
d:\documents\github\racing_game\game\glmath.cpp(758): warning C4244: 'inicializando': conversión de 'double' a 'float'; posible pérdida de datos
d:\documents\github\racing_game\game\glmath.cpp(778): warning C4244: 'inicializando': conversión de 'double' a 'float'; posible pérdida de datos
  Light.cpp
  log.cpp
  Main.cpp
d:\documents\github\racing_game\game\main.cpp(24): warning C4244: 'argumento': conversión de 'time_t' a 'unsigned int'; posible pérdida de datos
  ModuleAudio.cpp
  ModuleCamera3D.cpp
d:\documents\github\racing_game\game\modulecamera3d.cpp(186): warning C4305: 'argumento': truncamiento de 'double' a 'float'
  ModuleInput.cpp
  ModulePhysics3D.cpp
  ModulePlayer.cpp
d:\documents\github\racing_game\game\moduleplayer.cpp(29): warning C4305: 'argumento': truncamiento de 'double' a 'float'
d:\documents\github\racing_game\game\moduleplayer.cpp(31): warning C4305: 'argumento': truncamiento de 'double' a 'float'
d:\documents\github\racing_game\game\moduleplayer.cpp(32): warning C4305: 'argumento': truncamiento de 'double' a 'float'
d:\documents\github\racing_game\game\moduleplayer.cpp(33): warning C4305: 'argumento': truncamiento de 'double' a 'float'
d:\documents\github\racing_game\game\moduleplayer.cpp(34): warning C4305: 'argumento': truncamiento de 'double' a 'float'
d:\documents\github\racing_game\game\moduleplayer.cpp(35): warning C4305: 'argumento': truncamiento de 'double' a 'float'
d:\documents\github\racing_game\game\moduleplayer.cpp(36): warning C4305: 'argumento': truncamiento de 'double' a 'float'
d:\documents\github\racing_game\game\moduleplayer.cpp(39): warning C4305: 'argumento': truncamiento de 'double' a 'float'
d:\documents\github\racing_game\game\moduleplayer.cpp(41): warning C4305: 'argumento': truncamiento de 'double' a 'float'
d:\documents\github\racing_game\game\moduleplayer.cpp(43): warning C4305: 'argumento': truncamiento de 'double' a 'float'
d:\documents\github\racing_game\game\moduleplayer.cpp(45): warning C4305: 'argumento': truncamiento de 'double' a 'float'
d:\documents\github\racing_game\game\moduleplayer.cpp(46): warning C4305: 'argumento': truncamiento de 'double' a 'float'
d:\documents\github\racing_game\game\moduleplayer.cpp(204): warning C4244: '=': conversión de 'int' a 'float'; posible pérdida de datos
  ModuleRenderer3D.cpp
  ModuleSceneIntro.cpp
d:\documents\github\racing_game\game\modulesceneintro.cpp(46): warning C4244: '=': conversión de 'int' a 'float'; posible pérdida de datos
d:\documents\github\racing_game\game\modulesceneintro.cpp(210): warning C4305: 'argumento': truncamiento de 'double' a 'float'
d:\documents\github\racing_game\game\modulesceneintro.cpp(211): warning C4305: 'argumento': truncamiento de 'double' a 'float'
d:\documents\github\racing_game\game\modulesceneintro.cpp(228): warning C4305: 'argumento': truncamiento de 'double' a 'float'
d:\documents\github\racing_game\game\modulesceneintro.cpp(287): warning C4305: 'argumento': truncamiento de 'double' a 'float'
d:\documents\github\racing_game\game\modulesceneintro.cpp(341): warning C4305: 'argumento': truncamiento de 'double' a 'float'
d:\documents\github\racing_game\game\modulesceneintro.cpp(343): warning C4305: 'argumento': truncamiento de 'double' a 'float'
d:\documents\github\racing_game\game\modulesceneintro.cpp(347): warning C4305: 'argumento': truncamiento de 'double' a 'float'
d:\documents\github\racing_game\game\modulesceneintro.cpp(351): warning C4305: 'argumento': truncamiento de 'double' a 'float'
d:\documents\github\racing_game\game\modulesceneintro.cpp(352): warning C4305: 'argumento': truncamiento de 'double' a 'float'
d:\documents\github\racing_game\game\modulesceneintro.cpp(357): warning C4305: 'argumento': truncamiento de 'double' a 'float'
d:\documents\github\racing_game\game\modulesceneintro.cpp(358): warning C4305: 'argumento': truncamiento de 'double' a 'float'
d:\documents\github\racing_game\game\modulesceneintro.cpp(360): warning C4305: 'argumento': truncamiento de 'double' a 'float'
d:\documents\github\racing_game\game\modulesceneintro.cpp(364): warning C4305: 'argumento': truncamiento de 'double' a 'float'
d:\documents\github\racing_game\game\modulesceneintro.cpp(375): warning C4244: 'argumento': conversión de 'int' a 'float'; posible pérdida de datos
d:\documents\github\racing_game\game\modulesceneintro.cpp(401): warning C4244: 'argumento': conversión de 'int' a 'float'; posible pérdida de datos
d:\documents\github\racing_game\game\modulesceneintro.cpp(409): warning C4244: 'argumento': conversión de 'int' a 'float'; posible pérdida de datos
d:\documents\github\racing_game\game\modulesceneintro.cpp(404): warning C4101: 'cubephys': variable local sin referencia
  ModuleWindow.cpp
  PhysBody3D.cpp
  PhysVehicle3D.cpp
  Primitive.cpp
  Timer.cpp
  Generando código
  All 472 functions were compiled because no usable IPDB/IOBJ from previous compilation was found.
  Generación de código finalizada
  3D Physics.vcxproj -> D:\Documents\GitHub\Racing_Game\Game\Release\3D Physics - class5.exe
